<?xml version="1.0" encoding="UTF-8"?>
<testsuite name="ReadFileTest" tests="2" skipped="0" failures="0" errors="0" timestamp="2022-12-01T12:48:57" hostname="Alexs-MacBook-Pro.local" time="0.042">
  <properties/>
  <testcase name="testReadStringFile()" classname="ReadFileTest" time="0.04"/>
  <testcase name="testReadIntFile()" classname="ReadFileTest" time="0.001"/>
  <system-out><![CDATA[]]></system-out>
  <system-err><![CDATA[]]></system-err>
</testsuite>
