<?xml version="1.0" encoding="UTF-8"?>
<testsuite name="adventTests.Advent01Test" tests="5" skipped="0" failures="0" errors="0" timestamp="2022-12-02T11:51:09" hostname="Alexs-MacBook-Pro.local" time="0.032">
  <properties/>
  <testcase name="testFindBiggestElf()" classname="adventTests.Advent01Test" time="0.024"/>
  <testcase name="testFindThreeBiggestElves()" classname="adventTests.Advent01Test" time="0.002"/>
  <testcase name="testFindBiggestElfAndValue()" classname="adventTests.Advent01Test" time="0.0"/>
  <testcase name="testSumThreeBiggestElves()" classname="adventTests.Advent01Test" time="0.001"/>
  <testcase name="testSplitElfValueIntoTotal()" classname="adventTests.Advent01Test" time="0.001"/>
  <system-out><![CDATA[]]></system-out>
  <system-err><![CDATA[]]></system-err>
</testsuite>
