<?xml version="1.0" encoding="UTF-8"?>
<testsuite name="adventTests.Advent01Test" tests="4" skipped="0" failures="0" errors="0" timestamp="2022-12-02T11:46:47" hostname="Alexs-MacBook-Pro.local" time="0.025">
  <properties/>
  <testcase name="testFindBiggestElf()" classname="adventTests.Advent01Test" time="0.019"/>
  <testcase name="testFindThreeBiggestElves()" classname="adventTests.Advent01Test" time="0.003"/>
  <testcase name="testFindBiggestElfAndValue()" classname="adventTests.Advent01Test" time="0.001"/>
  <testcase name="testSplitElfValueIntoTotal()" classname="adventTests.Advent01Test" time="0.001"/>
  <system-out><![CDATA[]]></system-out>
  <system-err><![CDATA[]]></system-err>
</testsuite>
