<?xml version="1.0" encoding="UTF-8"?>
<testsuite name="adventTests.Advent04Test" tests="8" skipped="0" failures="0" errors="0" timestamp="2022-12-13T15:52:04" hostname="Alexs-MacBook-Pro.local" time="0.033">
  <properties/>
  <testcase name="calculateSumOfOverlapping()" classname="adventTests.Advent04Test" time="0.025"/>
  <testcase name="trueWhenOverlapping()" classname="adventTests.Advent04Test" time="0.002"/>
  <testcase name="falseWhenNotFullyContain()" classname="adventTests.Advent04Test" time="0.0"/>
  <testcase name="trueWhenFullyContainOverlapAlternate()" classname="adventTests.Advent04Test" time="0.0"/>
  <testcase name="splitPair()" classname="adventTests.Advent04Test" time="0.0"/>
  <testcase name="trueWhenFullyContainOverlap()" classname="adventTests.Advent04Test" time="0.0"/>
  <testcase name="falseWhenNotOverlapping()" classname="adventTests.Advent04Test" time="0.0"/>
  <testcase name="calculateSumOfFullyContainOverlaps()" classname="adventTests.Advent04Test" time="0.002"/>
  <system-out><![CDATA[]]></system-out>
  <system-err><![CDATA[]]></system-err>
</testsuite>
