<?xml version="1.0" encoding="UTF-8"?>
<testsuite name="adventTests.Advent03Test" tests="7" skipped="0" failures="0" errors="0" timestamp="2022-12-12T12:07:33" hostname="Alexs-MacBook-Pro.local" time="0.035">
  <properties/>
  <testcase name="splitCompartments()" classname="adventTests.Advent03Test" time="0.023"/>
  <testcase name="findTotalValueGivenInputTwo()" classname="adventTests.Advent03Test" time="0.002"/>
  <testcase name="findItemsInBothCompartmentsTwo()" classname="adventTests.Advent03Test" time="0.001"/>
  <testcase name="findItemsInBothCompartments()" classname="adventTests.Advent03Test" time="0.001"/>
  <testcase name="calculateFinalValueGivenFileInput()" classname="adventTests.Advent03Test" time="0.005"/>
  <testcase name="findTotalValueGivenInput()" classname="adventTests.Advent03Test" time="0.0"/>
  <testcase name="findValueOfItemGivenValue()" classname="adventTests.Advent03Test" time="0.0"/>
  <system-out><![CDATA[]]></system-out>
  <system-err><![CDATA[]]></system-err>
</testsuite>
