<?xml version="1.0" encoding="UTF-8"?>
<testsuite name="adventTests.Advent02Test" tests="6" skipped="0" failures="0" errors="0" timestamp="2022-12-02T16:12:03" hostname="Alexs-MacBook-Pro.local" time="0.042">
  <properties/>
  <testcase name="testScoreGame()" classname="adventTests.Advent02Test" time="0.026"/>
  <testcase name="testScoreTotalGame()" classname="adventTests.Advent02Test" time="0.003"/>
  <testcase name="testGetPlayerOneList()" classname="adventTests.Advent02Test" time="0.003"/>
  <testcase name="testScoreIndividualValues()" classname="adventTests.Advent02Test" time="0.001"/>
  <testcase name="testGetPlayerTwoList()" classname="adventTests.Advent02Test" time="0.002"/>
  <testcase name="testGetPlayerTwoListPartTwo()" classname="adventTests.Advent02Test" time="0.003"/>
  <system-out><![CDATA[]]></system-out>
  <system-err><![CDATA[]]></system-err>
</testsuite>
