<?xml version="1.0" encoding="UTF-8"?>
<testsuite name="adventTests.Advent02Test" tests="2" skipped="0" failures="0" errors="0" timestamp="2022-12-02T14:33:29" hostname="Alexs-MacBook-Pro.local" time="0.022">
  <properties/>
  <testcase name="testGetPlayerOneList()" classname="adventTests.Advent02Test" time="0.02"/>
  <testcase name="testGetPlayerTwoList()" classname="adventTests.Advent02Test" time="0.002"/>
  <system-out><![CDATA[]]></system-out>
  <system-err><![CDATA[]]></system-err>
</testsuite>
