<?xml version="1.0" encoding="UTF-8"?>
<testsuite name="adventTests.Advent02Test" tests="9" skipped="0" failures="0" errors="0" timestamp="2022-12-02T16:31:18" hostname="Alexs-MacBook-Pro.local" time="0.048">
  <properties/>
  <testcase name="testGetPlayerOneList()" classname="adventTests.Advent02Test" time="0.021"/>
  <testcase name="testGetPlayerTwoList()" classname="adventTests.Advent02Test" time="0.001"/>
  <testcase name="testScoreTotalGamePartOne()" classname="adventTests.Advent02Test" time="0.003"/>
  <testcase name="testScoreTotalGamePartTwo()" classname="adventTests.Advent02Test" time="0.017"/>
  <testcase name="testGetPlayerTwoListPartTwo()" classname="adventTests.Advent02Test" time="0.001"/>
  <testcase name="testScoreGamePartOne()" classname="adventTests.Advent02Test" time="0.001"/>
  <testcase name="testScoreGamePartTwo()" classname="adventTests.Advent02Test" time="0.0"/>
  <testcase name="testScoreIndividualValuesPartOne()" classname="adventTests.Advent02Test" time="0.0"/>
  <testcase name="testScoreIndividualValuesPartTwo()" classname="adventTests.Advent02Test" time="0.001"/>
  <system-out><![CDATA[]]></system-out>
  <system-err><![CDATA[]]></system-err>
</testsuite>
