<?xml version="1.0" encoding="UTF-8"?>
<testsuite name="adventTests.Advent03Test" tests="4" skipped="0" failures="0" errors="0" timestamp="2022-12-12T11:34:49" hostname="Alexs-MacBook-Pro.local" time="0.022">
  <properties/>
  <testcase name="splitCompartments()" classname="adventTests.Advent03Test" time="0.018"/>
  <testcase name="findItemsInBothCompartments()" classname="adventTests.Advent03Test" time="0.001"/>
  <testcase name="findTotalValueGivenInput()" classname="adventTests.Advent03Test" time="0.001"/>
  <testcase name="findValueOfItemGivenValue()" classname="adventTests.Advent03Test" time="0.001"/>
  <system-out><![CDATA[]]></system-out>
  <system-err><![CDATA[]]></system-err>
</testsuite>
