<?xml version="1.0" encoding="UTF-8"?>
<testsuite name="adventTests.Advent03Test" tests="1" skipped="0" failures="0" errors="0" timestamp="2022-12-12T10:54:38" hostname="Alexs-MacBook-Pro.local" time="0.015">
  <properties/>
  <testcase name="splitCompartments()" classname="adventTests.Advent03Test" time="0.015"/>
  <system-out><![CDATA[]]></system-out>
  <system-err><![CDATA[]]></system-err>
</testsuite>
