<?xml version="1.0" encoding="UTF-8"?>
<testsuite name="adventTests.Advent02Test" tests="1" skipped="0" failures="0" errors="0" timestamp="2022-12-02T14:29:47" hostname="Alexs-MacBook-Pro.local" time="0.041">
  <properties/>
  <testcase name="testGetPlayerOneList()" classname="adventTests.Advent02Test" time="0.041"/>
  <system-out><![CDATA[]]></system-out>
  <system-err><![CDATA[]]></system-err>
</testsuite>
