<?xml version="1.0" encoding="UTF-8"?>
<testsuite name="adventTests.Advent04Test" tests="1" skipped="0" failures="0" errors="0" timestamp="2022-12-13T15:12:22" hostname="Alexs-MacBook-Pro.local" time="0.023">
  <properties/>
  <testcase name="splitPair()" classname="adventTests.Advent04Test" time="0.023"/>
  <system-out><![CDATA[]]></system-out>
  <system-err><![CDATA[]]></system-err>
</testsuite>
