<?xml version="1.0" encoding="UTF-8"?>
<testsuite name="adventTests.Advent03Test" tests="3" skipped="0" failures="0" errors="0" timestamp="2022-12-12T11:31:35" hostname="Alexs-MacBook-Pro.local" time="0.016">
  <properties/>
  <testcase name="splitCompartments()" classname="adventTests.Advent03Test" time="0.014"/>
  <testcase name="findItemsInBothCompartments()" classname="adventTests.Advent03Test" time="0.001"/>
  <testcase name="findValueOfItemGivenValue()" classname="adventTests.Advent03Test" time="0.0"/>
  <system-out><![CDATA[]]></system-out>
  <system-err><![CDATA[]]></system-err>
</testsuite>
